Using pre-set license
Built from '2021.1/staging' branch; Version is '2021.1.3f1 (4bef613afd59) revision 4976481'; Using compiler version '192528614'; Build Type 'Release'
OS: 'Windows 10 Home; OS build 19042.1052; Version 2009; 64bit' Language: 'en' Physical Memory: 16333 MB
BatchMode: 1, IsHumanControllingUs: 0, StartBugReporterOnCrash: 0, Is64bit: 1, IsPro: 0

 COMMAND LINE ARGUMENTS:
C:\Program Files\Unity\Hub\Editor\2021.1.3f1\Editor\Unity.exe
-adb2
-batchMode
-noUpm
-name
AssetImportWorker0
-projectPath
D:/Unity/Projects/Udemy/Text101
-logFile
Logs/AssetImportWorker0.log
-srvPort
63837
Successfully changed project path to: D:/Unity/Projects/Udemy/Text101
D:/Unity/Projects/Udemy/Text101
Using Asset Import Pipeline V2.
Refreshing native plugins compatible for Editor in 103.70 ms, found 2 plugins.
Preloading 0 native plugins for Editor in 0.00 ms.
Initialize engine version: 2021.1.3f1 (4bef613afd59)
[Subsystems] Discovering subsystems at path C:/Program Files/Unity/Hub/Editor/2021.1.3f1/Editor/Data/Resources/UnitySubsystems
[Subsystems] Discovering subsystems at path D:/Unity/Projects/Udemy/Text101/Assets
GfxDevice: creating device client; threaded=0; jobified=0
Direct3D:
    Version:  Direct3D 11.0 [level 11.1]
    Renderer: NVIDIA GeForce GTX 1660 (ID=0x2184)
    Vendor:   NVIDIA
    VRAM:     5991 MB
    Driver:   27.21.14.6677
Initialize mono
Mono path[0] = 'C:/Program Files/Unity/Hub/Editor/2021.1.3f1/Editor/Data/Managed'
Mono path[1] = 'C:/Program Files/Unity/Hub/Editor/2021.1.3f1/Editor/Data/MonoBleedingEdge/lib/mono/unityjit'
Mono config path = 'C:/Program Files/Unity/Hub/Editor/2021.1.3f1/Editor/Data/MonoBleedingEdge/etc'
Using monoOptions --debugger-agent=transport=dt_socket,embedding=1,server=y,suspend=n,address=127.0.0.1:56148
Begin MonoManager ReloadAssembly
Registering precompiled unity dll's ...
Register platform support module: C:/Program Files/Unity/Hub/Editor/2021.1.3f1/Editor/Data/PlaybackEngines/WebGLSupport/UnityEditor.WebGL.Extensions.dll
Register platform support module: C:/Program Files/Unity/Hub/Editor/2021.1.3f1/Editor/Data/PlaybackEngines/WindowsStandaloneSupport/UnityEditor.WindowsStandalone.Extensions.dll
Registered in 0.002962 seconds.
Native extension for WindowsStandalone target not found
Native extension for WebGL target not found
Refreshing native plugins compatible for Editor in 107.44 ms, found 2 plugins.
Preloading 0 native plugins for Editor in 0.00 ms.
Mono: successfully reloaded assembly
- Completed reload, in  1.840 seconds
Platform modules already initialized, skipping
Registering precompiled user dll's ...
Registered in 0.002823 seconds.
Begin MonoManager ReloadAssembly
Native extension for WindowsStandalone target not found
Native extension for WebGL target not found
Refreshing native plugins compatible for Editor in 157.72 ms, found 2 plugins.
Preloading 0 native plugins for Editor in 0.00 ms.
Mono: successfully reloaded assembly
- Completed reload, in  2.068 seconds
Platform modules already initialized, skipping
========================================================================
Worker process is ready to serve import requests
Launched and connected shader compiler UnityShaderCompiler.exe after 0.09 seconds
Refreshing native plugins compatible for Editor in 1.10 ms, found 2 plugins.
Preloading 0 native plugins for Editor in 0.00 ms.
Unloading 3372 Unused Serialized files (Serialized files now loaded: 0)
System memory in use before: 127.9 MB.
System memory in use after: 128.0 MB.

Unloading 29 unused Assets to reduce memory usage. Loaded Objects now: 3825.
Total: 4.499900 ms (FindLiveObjects: 0.645100 ms CreateObjectMapping: 0.327500 ms MarkObjects: 3.372800 ms  DeleteObjects: 0.152600 ms)

========================================================================
Received Import Request.
  path: Assets/Scripts/GameHandler.cs
  artifactKey: Guid(8e6244982ff965a41975117d510b4207) Importer(815301076,1909f56bfc062723c751e8b465ee728b)
Start importing Assets/Scripts/GameHandler.cs using Guid(8e6244982ff965a41975117d510b4207) Importer(815301076,1909f56bfc062723c751e8b465ee728b)  -> (artifact id: 'a3823f79894bcb787d639c774ec20a2b') in 0.035937 seconds 
========================================================================
Received Import Request.
  Time since last request: 0.000300 seconds.
  path: Assets/Scripts/State.cs
  artifactKey: Guid(853378a6ab6983a4ab1b23dce2e0a1e6) Importer(815301076,1909f56bfc062723c751e8b465ee728b)
Start importing Assets/Scripts/State.cs using Guid(853378a6ab6983a4ab1b23dce2e0a1e6) Importer(815301076,1909f56bfc062723c751e8b465ee728b)  -> (artifact id: 'b7a020a3ca82c67e9610ebc13e6a1a8c') in 0.021992 seconds 
========================================================================
Received Prepare
Registering precompiled user dll's ...
Registered in 0.003089 seconds.
Begin MonoManager ReloadAssembly
Native extension for WindowsStandalone target not found
Native extension for WebGL target not found
Refreshing native plugins compatible for Editor in 0.91 ms, found 2 plugins.
Preloading 0 native plugins for Editor in 0.00 ms.
Mono: successfully reloaded assembly
- Completed reload, in  1.174 seconds
Platform modules already initialized, skipping
Refreshing native plugins compatible for Editor in 0.80 ms, found 2 plugins.
Preloading 0 native plugins for Editor in 0.00 ms.
Unloading 3367 Unused Serialized files (Serialized files now loaded: 0)
System memory in use before: 127.9 MB.
System memory in use after: 128.0 MB.

Unloading 17 unused Assets to reduce memory usage. Loaded Objects now: 3829.
Total: 2.734700 ms (FindLiveObjects: 0.375100 ms CreateObjectMapping: 0.092900 ms MarkObjects: 2.155400 ms  DeleteObjects: 0.110100 ms)

========================================================================
Received Import Request.
  Time since last request: 441.872842 seconds.
  path: Assets/Scripts/GameHandler.cs
  artifactKey: Guid(8e6244982ff965a41975117d510b4207) Importer(815301076,1909f56bfc062723c751e8b465ee728b)
Start importing Assets/Scripts/GameHandler.cs using Guid(8e6244982ff965a41975117d510b4207) Importer(815301076,1909f56bfc062723c751e8b465ee728b)  -> (artifact id: '3f0170e9980ae92475569779292257bf') in 0.005574 seconds 
========================================================================
Received Prepare
Registering precompiled user dll's ...
Registered in 0.002782 seconds.
Begin MonoManager ReloadAssembly
Native extension for WindowsStandalone target not found
Native extension for WebGL target not found
Refreshing native plugins compatible for Editor in 0.64 ms, found 2 plugins.
Preloading 0 native plugins for Editor in 0.00 ms.
Mono: successfully reloaded assembly
- Completed reload, in  1.155 seconds
Platform modules already initialized, skipping
Refreshing native plugins compatible for Editor in 1.15 ms, found 2 plugins.
Preloading 0 native plugins for Editor in 0.00 ms.
Unloading 3367 Unused Serialized files (Serialized files now loaded: 0)
System memory in use before: 128.0 MB.
System memory in use after: 128.1 MB.

Unloading 17 unused Assets to reduce memory usage. Loaded Objects now: 3833.
Total: 3.199200 ms (FindLiveObjects: 0.440300 ms CreateObjectMapping: 0.155000 ms MarkObjects: 2.489300 ms  DeleteObjects: 0.112900 ms)

========================================================================
Received Prepare
Registering precompiled user dll's ...
Registered in 0.002696 seconds.
Begin MonoManager ReloadAssembly
Native extension for WindowsStandalone target not found
Native extension for WebGL target not found
Refreshing native plugins compatible for Editor in 0.62 ms, found 2 plugins.
Preloading 0 native plugins for Editor in 0.00 ms.
Mono: successfully reloaded assembly
- Completed reload, in  1.156 seconds
Platform modules already initialized, skipping
Refreshing native plugins compatible for Editor in 0.63 ms, found 2 plugins.
Preloading 0 native plugins for Editor in 0.00 ms.
Unloading 3367 Unused Serialized files (Serialized files now loaded: 0)
System memory in use before: 128.0 MB.
System memory in use after: 128.1 MB.

Unloading 17 unused Assets to reduce memory usage. Loaded Objects now: 3837.
Total: 2.934400 ms (FindLiveObjects: 0.288300 ms CreateObjectMapping: 0.084900 ms MarkObjects: 2.448900 ms  DeleteObjects: 0.110500 ms)

========================================================================
Received Prepare
Registering precompiled user dll's ...
Registered in 0.002659 seconds.
Begin MonoManager ReloadAssembly
Native extension for WindowsStandalone target not found
Native extension for WebGL target not found
Refreshing native plugins compatible for Editor in 0.92 ms, found 2 plugins.
Preloading 0 native plugins for Editor in 0.00 ms.
Mono: successfully reloaded assembly
- Completed reload, in  1.157 seconds
Platform modules already initialized, skipping
Refreshing native plugins compatible for Editor in 0.65 ms, found 2 plugins.
Preloading 0 native plugins for Editor in 0.00 ms.
Unloading 3367 Unused Serialized files (Serialized files now loaded: 0)
System memory in use before: 128.1 MB.
System memory in use after: 128.2 MB.

Unloading 17 unused Assets to reduce memory usage. Loaded Objects now: 3841.
Total: 2.566700 ms (FindLiveObjects: 0.338600 ms CreateObjectMapping: 0.086000 ms MarkObjects: 2.038100 ms  DeleteObjects: 0.102500 ms)

========================================================================
Received Prepare
Registering precompiled user dll's ...
Registered in 0.002718 seconds.
Begin MonoManager ReloadAssembly
Native extension for WindowsStandalone target not found
Native extension for WebGL target not found
Refreshing native plugins compatible for Editor in 0.63 ms, found 2 plugins.
Preloading 0 native plugins for Editor in 0.00 ms.
Mono: successfully reloaded assembly
- Completed reload, in  1.146 seconds
Platform modules already initialized, skipping
Refreshing native plugins compatible for Editor in 0.65 ms, found 2 plugins.
Preloading 0 native plugins for Editor in 0.00 ms.
Unloading 3367 Unused Serialized files (Serialized files now loaded: 0)
System memory in use before: 128.1 MB.
System memory in use after: 128.2 MB.

Unloading 17 unused Assets to reduce memory usage. Loaded Objects now: 3845.
Total: 2.929300 ms (FindLiveObjects: 0.301600 ms CreateObjectMapping: 0.091200 ms MarkObjects: 2.424200 ms  DeleteObjects: 0.110900 ms)

========================================================================
Received Prepare
Registering precompiled user dll's ...
Registered in 0.003137 seconds.
Begin MonoManager ReloadAssembly
Native extension for WindowsStandalone target not found
Native extension for WebGL target not found
Refreshing native plugins compatible for Editor in 0.63 ms, found 2 plugins.
Preloading 0 native plugins for Editor in 0.00 ms.
Mono: successfully reloaded assembly
- Completed reload, in  1.141 seconds
Platform modules already initialized, skipping
Refreshing native plugins compatible for Editor in 0.66 ms, found 2 plugins.
Preloading 0 native plugins for Editor in 0.00 ms.
Unloading 3367 Unused Serialized files (Serialized files now loaded: 0)
System memory in use before: 128.1 MB.
System memory in use after: 128.2 MB.

Unloading 17 unused Assets to reduce memory usage. Loaded Objects now: 3849.
Total: 2.637200 ms (FindLiveObjects: 0.306000 ms CreateObjectMapping: 0.090000 ms MarkObjects: 2.136100 ms  DeleteObjects: 0.104200 ms)

========================================================================
Received Import Request.
  Time since last request: 173.931124 seconds.
  path: Assets/States/Outside Hangar.asset
  artifactKey: Guid(86215b87066c61745b0a9856f15ac18b) Importer(815301076,1909f56bfc062723c751e8b465ee728b)
Start importing Assets/States/Outside Hangar.asset using Guid(86215b87066c61745b0a9856f15ac18b) Importer(815301076,1909f56bfc062723c751e8b465ee728b)  -> (artifact id: '9a8101122eaa92f30b8a37cab5568bc6') in 0.024542 seconds 
========================================================================
Received Import Request.
  Time since last request: 11.549183 seconds.
  path: Assets/States/A1. Outside Hangar.asset
  artifactKey: Guid(86215b87066c61745b0a9856f15ac18b) Importer(815301076,1909f56bfc062723c751e8b465ee728b)
Start importing Assets/States/A1. Outside Hangar.asset using Guid(86215b87066c61745b0a9856f15ac18b) Importer(815301076,1909f56bfc062723c751e8b465ee728b)  -> (artifact id: 'f82042c9f79884ce502ddee1452e7631') in 0.007039 seconds 
========================================================================
Received Import Request.
  Time since last request: 3.931751 seconds.
  path: Assets/States/Room 1.asset
  artifactKey: Guid(b4b5a197dc664374b996dfedd2d873fa) Importer(815301076,1909f56bfc062723c751e8b465ee728b)
Start importing Assets/States/Room 1.asset using Guid(b4b5a197dc664374b996dfedd2d873fa) Importer(815301076,1909f56bfc062723c751e8b465ee728b)  -> (artifact id: '702fc73cbdc7891250c3bd658713aa3a') in 0.007522 seconds 
========================================================================
Received Import Request.
  Time since last request: 11.628418 seconds.
  path: Assets/States/A2. In A Cell.asset
  artifactKey: Guid(b4b5a197dc664374b996dfedd2d873fa) Importer(815301076,1909f56bfc062723c751e8b465ee728b)
Start importing Assets/States/A2. In A Cell.asset using Guid(b4b5a197dc664374b996dfedd2d873fa) Importer(815301076,1909f56bfc062723c751e8b465ee728b)  -> (artifact id: '56152eee4987a946f764a723a0fe5d31') in 0.008002 seconds 
========================================================================
Received Import Request.
  Time since last request: 9.409916 seconds.
  path: Assets/States/A3. Emergency Exit.asset
  artifactKey: Guid(e85ed8a34a35f98469257aa987ac0fed) Importer(815301076,1909f56bfc062723c751e8b465ee728b)
Start importing Assets/States/A3. Emergency Exit.asset using Guid(e85ed8a34a35f98469257aa987ac0fed) Importer(815301076,1909f56bfc062723c751e8b465ee728b)  -> (artifact id: 'f95f66e09951145e76d583121932021e') in 0.006758 seconds 
========================================================================
Received Import Request.
  Time since last request: 22.512895 seconds.
  path: Assets/States/A4. Picking Lock.asset
  artifactKey: Guid(d489ebb66db2fc14ab3e11699e409b21) Importer(815301076,1909f56bfc062723c751e8b465ee728b)
Start importing Assets/States/A4. Picking Lock.asset using Guid(d489ebb66db2fc14ab3e11699e409b21) Importer(815301076,1909f56bfc062723c751e8b465ee728b)  -> (artifact id: '3d7a69644004f4cf3b473eb4a0a0ed14') in 0.006917 seconds 
========================================================================
Received Import Request.
  Time since last request: 10.231543 seconds.
  path: Assets/States/A5. Lock Smashing.asset
  artifactKey: Guid(aabf1c4091767294cb2cc7f1bef84e94) Importer(815301076,1909f56bfc062723c751e8b465ee728b)
Start importing Assets/States/A5. Lock Smashing.asset using Guid(aabf1c4091767294cb2cc7f1bef84e94) Importer(815301076,1909f56bfc062723c751e8b465ee728b)  -> (artifact id: 'b0869ba81f69fe500d2082338bf5b6ff') in 0.006817 seconds 
========================================================================
Received Import Request.
  Time since last request: 48.381528 seconds.
  path: Assets/States/B1. Opening Door.asset
  artifactKey: Guid(67b2a69772a2a424b854dd6b1b1939de) Importer(815301076,1909f56bfc062723c751e8b465ee728b)
Start importing Assets/States/B1. Opening Door.asset using Guid(67b2a69772a2a424b854dd6b1b1939de) Importer(815301076,1909f56bfc062723c751e8b465ee728b)  -> (artifact id: 'e1673a4ad59def7c508e21e61f982dfd') in 0.007067 seconds 
========================================================================
Received Import Request.
  Time since last request: 11.823996 seconds.
  path: Assets/States/B2. Booby Trap.asset
  artifactKey: Guid(b9f2a090e3a26c64ba36ea6b876754db) Importer(815301076,1909f56bfc062723c751e8b465ee728b)
Start importing Assets/States/B2. Booby Trap.asset using Guid(b9f2a090e3a26c64ba36ea6b876754db) Importer(815301076,1909f56bfc062723c751e8b465ee728b)  -> (artifact id: 'd3865cf5aa965d28ed3da2629edc17b3') in 0.006912 seconds 
========================================================================
Received Import Request.
  Time since last request: 9.563383 seconds.
  path: Assets/States/B3. Escape.asset
  artifactKey: Guid(f1a1a3e1c085c6047810ee9864a24b02) Importer(815301076,1909f56bfc062723c751e8b465ee728b)
Start importing Assets/States/B3. Escape.asset using Guid(f1a1a3e1c085c6047810ee9864a24b02) Importer(815301076,1909f56bfc062723c751e8b465ee728b)  -> (artifact id: 'fa1a06bf763914465fdd62bdc95920b9') in 0.006946 seconds 
========================================================================
Received Import Request.
  Time since last request: 9.525181 seconds.
  path: Assets/States/B6. Running.asset
  artifactKey: Guid(9d7524409c76a8b49a89235d35b5822d) Importer(815301076,1909f56bfc062723c751e8b465ee728b)
Start importing Assets/States/B6. Running.asset using Guid(9d7524409c76a8b49a89235d35b5822d) Importer(815301076,1909f56bfc062723c751e8b465ee728b)  -> (artifact id: '45ba3b71418e08afbcec0646f2792c1e') in 0.006842 seconds 
========================================================================
Received Import Request.
  Time since last request: 30.417930 seconds.
  path: Assets/States/B4. Friendly Fire.asset
  artifactKey: Guid(9c62a281e93900441a2368f60af34282) Importer(815301076,1909f56bfc062723c751e8b465ee728b)
Start importing Assets/States/B4. Friendly Fire.asset using Guid(9c62a281e93900441a2368f60af34282) Importer(815301076,1909f56bfc062723c751e8b465ee728b)  -> (artifact id: 'a1bd9e90e819d15476695cdb320986df') in 0.007518 seconds 
========================================================================
Received Import Request.
  Time since last request: 15.105316 seconds.
  path: Assets/States/B5. Waiting.asset
  artifactKey: Guid(ca0e06bd7317aca4cb0ae38b55d0de1d) Importer(815301076,1909f56bfc062723c751e8b465ee728b)
Start importing Assets/States/B5. Waiting.asset using Guid(ca0e06bd7317aca4cb0ae38b55d0de1d) Importer(815301076,1909f56bfc062723c751e8b465ee728b)  -> (artifact id: '88652b40522cf1949e15ceb1ff8c84f6') in 0.007151 seconds 
========================================================================
Received Import Request.
  Time since last request: 9.672781 seconds.
  path: Assets/States/X1. Game Over.asset
  artifactKey: Guid(13ac079de9ba6844ea413c8aca9bd806) Importer(815301076,1909f56bfc062723c751e8b465ee728b)
Start importing Assets/States/X1. Game Over.asset using Guid(13ac079de9ba6844ea413c8aca9bd806) Importer(815301076,1909f56bfc062723c751e8b465ee728b)  -> (artifact id: '1b563c0fd7515840e158b16428033913') in 0.006817 seconds 
========================================================================
Received Import Request.
  Time since last request: 27.213941 seconds.
  path: Assets/States/A6. Dark Room.asset
  artifactKey: Guid(7ea9eb58461996e4abdfc5c844fdd178) Importer(815301076,1909f56bfc062723c751e8b465ee728b)
Start importing Assets/States/A6. Dark Room.asset using Guid(7ea9eb58461996e4abdfc5c844fdd178) Importer(815301076,1909f56bfc062723c751e8b465ee728b)  -> (artifact id: '97730c283194d909f754d5fd11ea517b') in 0.006924 seconds 
========================================================================
Received Import Request.
  Time since last request: 12.222114 seconds.
  path: Assets/States/A7. The Long Way ROund.asset
  artifactKey: Guid(e69126f87ec810445a5bfe480711df06) Importer(815301076,1909f56bfc062723c751e8b465ee728b)
Start importing Assets/States/A7. The Long Way ROund.asset using Guid(e69126f87ec810445a5bfe480711df06) Importer(815301076,1909f56bfc062723c751e8b465ee728b)  -> (artifact id: '9a787dca3ad3929b7da82fdf41075cb4') in 0.006807 seconds 
========================================================================
Received Import Request.
  Time since last request: 5.794868 seconds.
  path: Assets/States/A7. The Long Way Round.asset
  artifactKey: Guid(e69126f87ec810445a5bfe480711df06) Importer(815301076,1909f56bfc062723c751e8b465ee728b)
Start importing Assets/States/A7. The Long Way Round.asset using Guid(e69126f87ec810445a5bfe480711df06) Importer(815301076,1909f56bfc062723c751e8b465ee728b)  -> (artifact id: 'a559b0c880598383122f0b04a9a5802d') in 0.006555 seconds 
========================================================================
Received Import Request.
  Time since last request: 13.279389 seconds.
  path: Assets/States/A8. Eavesdropping.asset
  artifactKey: Guid(e2e4f938d0a21bb408c4a3d9f8adce8b) Importer(815301076,1909f56bfc062723c751e8b465ee728b)
Start importing Assets/States/A8. Eavesdropping.asset using Guid(e2e4f938d0a21bb408c4a3d9f8adce8b) Importer(815301076,1909f56bfc062723c751e8b465ee728b)  -> (artifact id: '4929eb7d4ae8934488d62a2749b87a09') in 0.006973 seconds 
========================================================================
Received Import Request.
  Time since last request: 11.546992 seconds.
  path: Assets/States/A9. Pressure Build Up.asset
  artifactKey: Guid(cac4fd72a3fe00848b17eed27083b85b) Importer(815301076,1909f56bfc062723c751e8b465ee728b)
Start importing Assets/States/A9. Pressure Build Up.asset using Guid(cac4fd72a3fe00848b17eed27083b85b) Importer(815301076,1909f56bfc062723c751e8b465ee728b)  -> (artifact id: 'd56ed74b7a97de2eb65c861748591fd6') in 0.006845 seconds 
========================================================================
Received Import Request.
  Time since last request: 13.702561 seconds.
  path: Assets/States/S2. Onboard With Supplies.asset
  artifactKey: Guid(ab5be8dcdee324d4b9adc9dbf437e3c5) Importer(815301076,1909f56bfc062723c751e8b465ee728b)
Start importing Assets/States/S2. Onboard With Supplies.asset using Guid(ab5be8dcdee324d4b9adc9dbf437e3c5) Importer(815301076,1909f56bfc062723c751e8b465ee728b)  -> (artifact id: '46d7cb15217e86332d0e8a317a09678e') in 0.006774 seconds 
========================================================================
Received Import Request.
  Time since last request: 38.764585 seconds.
  path: Assets/States/A10. Narrow Escape.asset
  artifactKey: Guid(df2e7de51d938c640babcab695805b36) Importer(815301076,1909f56bfc062723c751e8b465ee728b)
Start importing Assets/States/A10. Narrow Escape.asset using Guid(df2e7de51d938c640babcab695805b36) Importer(815301076,1909f56bfc062723c751e8b465ee728b)  -> (artifact id: '2c3b17451a9b79edf3f116541008de1c') in 0.006646 seconds 
========================================================================
Received Import Request.
  Time since last request: 8.377281 seconds.
  path: Assets/States/A11. Diversion.asset
  artifactKey: Guid(9d37db0fd6e9344409fb8fff312e69c6) Importer(815301076,1909f56bfc062723c751e8b465ee728b)
Start importing Assets/States/A11. Diversion.asset using Guid(9d37db0fd6e9344409fb8fff312e69c6) Importer(815301076,1909f56bfc062723c751e8b465ee728b)  -> (artifact id: '33adbf9a61355bedd844570f97059f98') in 0.007623 seconds 
========================================================================
Received Import Request.
  Time since last request: 20.444192 seconds.
  path: Assets/States/S1. Onboard But Only Just.asset
  artifactKey: Guid(e4327c73139b4fa4a9aa79c962ab750f) Importer(815301076,1909f56bfc062723c751e8b465ee728b)
Start importing Assets/States/S1. Onboard But Only Just.asset using Guid(e4327c73139b4fa4a9aa79c962ab750f) Importer(815301076,1909f56bfc062723c751e8b465ee728b)  -> (artifact id: '051cc2bfdcd49ab4d3f440b9dbde4dd7') in 0.007104 seconds 
========================================================================
Received Import Request.
  Time since last request: 1209.269694 seconds.
  path: Assets/States/X1. Game Over.asset
  artifactKey: Guid(13ac079de9ba6844ea413c8aca9bd806) Importer(815301076,1909f56bfc062723c751e8b465ee728b)
Start importing Assets/States/X1. Game Over.asset using Guid(13ac079de9ba6844ea413c8aca9bd806) Importer(815301076,1909f56bfc062723c751e8b465ee728b)  -> (artifact id: 'e3d77e6ee15e5231c751dfed32e9b3e4') in 0.005500 seconds 
========================================================================
Received Prepare
Registering precompiled user dll's ...
Registered in 0.002753 seconds.
Begin MonoManager ReloadAssembly
Native extension for WindowsStandalone target not found
Native extension for WebGL target not found
Refreshing native plugins compatible for Editor in 0.66 ms, found 2 plugins.
Preloading 0 native plugins for Editor in 0.00 ms.
Mono: successfully reloaded assembly
- Completed reload, in  1.121 seconds
Platform modules already initialized, skipping
Refreshing native plugins compatible for Editor in 0.98 ms, found 2 plugins.
Preloading 0 native plugins for Editor in 0.00 ms.
Unloading 3367 Unused Serialized files (Serialized files now loaded: 0)
System memory in use before: 128.1 MB.
System memory in use after: 128.2 MB.

Unloading 17 unused Assets to reduce memory usage. Loaded Objects now: 3853.
Total: 2.824400 ms (FindLiveObjects: 0.275500 ms CreateObjectMapping: 0.090300 ms MarkObjects: 2.351200 ms  DeleteObjects: 0.106300 ms)

========================================================================
Received Prepare
Registering precompiled user dll's ...
Registered in 0.002917 seconds.
Begin MonoManager ReloadAssembly
Native extension for WindowsStandalone target not found
Native extension for WebGL target not found
Refreshing native plugins compatible for Editor in 1.01 ms, found 2 plugins.
Preloading 0 native plugins for Editor in 0.00 ms.
Mono: successfully reloaded assembly
- Completed reload, in  1.173 seconds
Platform modules already initialized, skipping
Refreshing native plugins compatible for Editor in 0.63 ms, found 2 plugins.
Preloading 0 native plugins for Editor in 0.00 ms.
Unloading 3367 Unused Serialized files (Serialized files now loaded: 0)
System memory in use before: 128.1 MB.
System memory in use after: 128.2 MB.

Unloading 17 unused Assets to reduce memory usage. Loaded Objects now: 3857.
Total: 2.468400 ms (FindLiveObjects: 0.279900 ms CreateObjectMapping: 0.087300 ms MarkObjects: 2.000800 ms  DeleteObjects: 0.099500 ms)

========================================================================
Received Import Request.
  Time since last request: 210.813626 seconds.
  path: Assets/States/B2. Booby Trap.asset
  artifactKey: Guid(b9f2a090e3a26c64ba36ea6b876754db) Importer(815301076,1909f56bfc062723c751e8b465ee728b)
Start importing Assets/States/B2. Booby Trap.asset using Guid(b9f2a090e3a26c64ba36ea6b876754db) Importer(815301076,1909f56bfc062723c751e8b465ee728b)  -> (artifact id: 'afde0960bba6f0d3b5d2279bbb8db27d') in 0.018623 seconds 
========================================================================
Received Import Request.
  Time since last request: 154.095796 seconds.
  path: Assets/States/A1. Outside Hangar.asset
  artifactKey: Guid(86215b87066c61745b0a9856f15ac18b) Importer(815301076,1909f56bfc062723c751e8b465ee728b)
Start importing Assets/States/A1. Outside Hangar.asset using Guid(86215b87066c61745b0a9856f15ac18b) Importer(815301076,1909f56bfc062723c751e8b465ee728b)  -> (artifact id: '72f8139fbd89019cd49f2b311e522f82') in 0.005576 seconds 
========================================================================
Received Import Request.
  Time since last request: 9.519239 seconds.
  path: Assets/States/A0. Introduction.asset
  artifactKey: Guid(dd7a788cb8668fd4da84903acba3456c) Importer(815301076,1909f56bfc062723c751e8b465ee728b)
Start importing Assets/States/A0. Introduction.asset using Guid(dd7a788cb8668fd4da84903acba3456c) Importer(815301076,1909f56bfc062723c751e8b465ee728b)  -> (artifact id: '63c47e10a7e3686cce38e12ff07773ff') in 0.007505 seconds 
========================================================================
Received Import Request.
  Time since last request: 161.290368 seconds.
  path: Assets/States/A3. Emergency Exit.asset
  artifactKey: Guid(e85ed8a34a35f98469257aa987ac0fed) Importer(815301076,1909f56bfc062723c751e8b465ee728b)
Start importing Assets/States/A3. Emergency Exit.asset using Guid(e85ed8a34a35f98469257aa987ac0fed) Importer(815301076,1909f56bfc062723c751e8b465ee728b)  -> (artifact id: '55ad7a95df2b3460bf89ed08e9350314') in 0.005210 seconds 
========================================================================
Received Import Request.
  Time since last request: 0.709271 seconds.
  path: Assets/States/A2. In A Cell.asset
  artifactKey: Guid(b4b5a197dc664374b996dfedd2d873fa) Importer(815301076,1909f56bfc062723c751e8b465ee728b)
Start importing Assets/States/A2. In A Cell.asset using Guid(b4b5a197dc664374b996dfedd2d873fa) Importer(815301076,1909f56bfc062723c751e8b465ee728b)  -> (artifact id: '1fcc0985f3ceb9025752119394798d24') in 0.005357 seconds 
========================================================================
Received Import Request.
  Time since last request: 17.375764 seconds.
  path: Assets/States/A6. Dark Room.asset
  artifactKey: Guid(7ea9eb58461996e4abdfc5c844fdd178) Importer(815301076,1909f56bfc062723c751e8b465ee728b)
Start importing Assets/States/A6. Dark Room.asset using Guid(7ea9eb58461996e4abdfc5c844fdd178) Importer(815301076,1909f56bfc062723c751e8b465ee728b)  -> (artifact id: 'e460d72427d94f433e2d92b4d88eb633') in 0.009758 seconds 
========================================================================
Received Import Request.
  Time since last request: 0.617030 seconds.
  path: Assets/States/A10. Narrow Escape.asset
  artifactKey: Guid(df2e7de51d938c640babcab695805b36) Importer(815301076,1909f56bfc062723c751e8b465ee728b)
Start importing Assets/States/A10. Narrow Escape.asset using Guid(df2e7de51d938c640babcab695805b36) Importer(815301076,1909f56bfc062723c751e8b465ee728b)  -> (artifact id: '7e73d0d35a7a61657282dc255d2687e6') in 0.009890 seconds 
========================================================================
Received Import Request.
  Time since last request: 5.097760 seconds.
  path: Assets/States/A8. Eavesdropping.asset
  artifactKey: Guid(e2e4f938d0a21bb408c4a3d9f8adce8b) Importer(815301076,1909f56bfc062723c751e8b465ee728b)
Start importing Assets/States/A8. Eavesdropping.asset using Guid(e2e4f938d0a21bb408c4a3d9f8adce8b) Importer(815301076,1909f56bfc062723c751e8b465ee728b)  -> (artifact id: '75365aa9204932394fee19755eff7141') in 0.005274 seconds 
========================================================================
Received Import Request.
  Time since last request: 66.551130 seconds.
  path: Assets/States/S2. Onboard With Supplies.asset
  artifactKey: Guid(ab5be8dcdee324d4b9adc9dbf437e3c5) Importer(815301076,1909f56bfc062723c751e8b465ee728b)
Start importing Assets/States/S2. Onboard With Supplies.asset using Guid(ab5be8dcdee324d4b9adc9dbf437e3c5) Importer(815301076,1909f56bfc062723c751e8b465ee728b)  -> (artifact id: 'f2e2f2b6ff49559165d97520562e094a') in 0.005470 seconds 
========================================================================
Received Import Request.
  Time since last request: 34.514061 seconds.
  path: Assets/States/S0. Game Win.asset
  artifactKey: Guid(141733f77193f8f47b5054d2c28b5448) Importer(815301076,1909f56bfc062723c751e8b465ee728b)
Start importing Assets/States/S0. Game Win.asset using Guid(141733f77193f8f47b5054d2c28b5448) Importer(815301076,1909f56bfc062723c751e8b465ee728b)  -> (artifact id: '3ed9d0dbc023be303456d793f44b39a5') in 0.006893 seconds 
========================================================================
Received Import Request.
  Time since last request: 24.032867 seconds.
  path: Assets/States/S1. Onboard But Only Just.asset
  artifactKey: Guid(e4327c73139b4fa4a9aa79c962ab750f) Importer(815301076,1909f56bfc062723c751e8b465ee728b)
Start importing Assets/States/S1. Onboard But Only Just.asset using Guid(e4327c73139b4fa4a9aa79c962ab750f) Importer(815301076,1909f56bfc062723c751e8b465ee728b)  -> (artifact id: '85e8858ffa9638baa58fac3ba467b17e') in 0.009678 seconds 
========================================================================
Received Import Request.
  Time since last request: 14.411562 seconds.
  path: Assets/States/S3. Game Win.asset
  artifactKey: Guid(141733f77193f8f47b5054d2c28b5448) Importer(815301076,1909f56bfc062723c751e8b465ee728b)
Start importing Assets/States/S3. Game Win.asset using Guid(141733f77193f8f47b5054d2c28b5448) Importer(815301076,1909f56bfc062723c751e8b465ee728b)  -> (artifact id: '02305f652841bbbaeefaf7c6b11eda5a') in 0.006847 seconds 
========================================================================
Received Prepare
Registering precompiled user dll's ...
Registered in 0.002756 seconds.
Begin MonoManager ReloadAssembly
Native extension for WindowsStandalone target not found
Native extension for WebGL target not found
Refreshing native plugins compatible for Editor in 0.64 ms, found 2 plugins.
Preloading 0 native plugins for Editor in 0.00 ms.
Mono: successfully reloaded assembly
- Completed reload, in  1.245 seconds
Platform modules already initialized, skipping
Refreshing native plugins compatible for Editor in 1.12 ms, found 2 plugins.
Preloading 0 native plugins for Editor in 0.00 ms.
Unloading 3367 Unused Serialized files (Serialized files now loaded: 0)
System memory in use before: 128.2 MB.
System memory in use after: 128.3 MB.

Unloading 17 unused Assets to reduce memory usage. Loaded Objects now: 3861.
Total: 4.263900 ms (FindLiveObjects: 0.466800 ms CreateObjectMapping: 0.148700 ms MarkObjects: 3.502600 ms  DeleteObjects: 0.144500 ms)

========================================================================
Received Prepare
Registering precompiled user dll's ...
Registered in 0.002956 seconds.
Begin MonoManager ReloadAssembly
Native extension for WindowsStandalone target not found
Native extension for WebGL target not found
Refreshing native plugins compatible for Editor in 0.69 ms, found 2 plugins.
Preloading 0 native plugins for Editor in 0.00 ms.
Mono: successfully reloaded assembly
- Completed reload, in  1.198 seconds
Platform modules already initialized, skipping
Refreshing native plugins compatible for Editor in 0.94 ms, found 2 plugins.
Preloading 0 native plugins for Editor in 0.00 ms.
Unloading 3414 Unused Serialized files (Serialized files now loaded: 0)
System memory in use before: 131.2 MB.
System memory in use after: 130.7 MB.

Unloading 30 unused Assets to reduce memory usage. Loaded Objects now: 3899.
Total: 3.056600 ms (FindLiveObjects: 0.329800 ms CreateObjectMapping: 0.128900 ms MarkObjects: 2.270000 ms  DeleteObjects: 0.326500 ms)

========================================================================
Received Import Request.
  Time since last request: 635.191807 seconds.
  path: Assets/Fonts
  artifactKey: Guid(7d7e31e46f7fdee4a9793d2957589a0c) Importer(815301076,1909f56bfc062723c751e8b465ee728b)
Start importing Assets/Fonts using Guid(7d7e31e46f7fdee4a9793d2957589a0c) Importer(815301076,1909f56bfc062723c751e8b465ee728b)  -> (artifact id: 'a21bcf19de7be8b7be7d40e92551e5bc') in 0.011639 seconds 
========================================================================
Received Prepare
Registering precompiled user dll's ...
Registered in 0.002777 seconds.
Begin MonoManager ReloadAssembly
Native extension for WindowsStandalone target not found
Native extension for WebGL target not found
Refreshing native plugins compatible for Editor in 0.67 ms, found 2 plugins.
Preloading 0 native plugins for Editor in 0.00 ms.
Mono: successfully reloaded assembly
- Completed reload, in  1.210 seconds
Platform modules already initialized, skipping
Refreshing native plugins compatible for Editor in 0.91 ms, found 2 plugins.
Preloading 0 native plugins for Editor in 0.00 ms.
Unloading 3414 Unused Serialized files (Serialized files now loaded: 0)
System memory in use before: 131.2 MB.
System memory in use after: 130.7 MB.

Unloading 30 unused Assets to reduce memory usage. Loaded Objects now: 3903.
Total: 3.438100 ms (FindLiveObjects: 0.361100 ms CreateObjectMapping: 0.089000 ms MarkObjects: 2.596400 ms  DeleteObjects: 0.390100 ms)

========================================================================
Received Prepare
Registering precompiled user dll's ...
Registered in 0.002740 seconds.
Begin MonoManager ReloadAssembly
Native extension for WindowsStandalone target not found
Native extension for WebGL target not found
Refreshing native plugins compatible for Editor in 0.65 ms, found 2 plugins.
Preloading 0 native plugins for Editor in 0.00 ms.
Mono: successfully reloaded assembly
- Completed reload, in  1.190 seconds
Platform modules already initialized, skipping
Refreshing native plugins compatible for Editor in 0.65 ms, found 2 plugins.
Preloading 0 native plugins for Editor in 0.00 ms.
Unloading 3414 Unused Serialized files (Serialized files now loaded: 0)
System memory in use before: 131.2 MB.
System memory in use after: 130.7 MB.

Unloading 30 unused Assets to reduce memory usage. Loaded Objects now: 3907.
Total: 3.756600 ms (FindLiveObjects: 0.774900 ms CreateObjectMapping: 0.202100 ms MarkObjects: 2.443000 ms  DeleteObjects: 0.335300 ms)

